2017-09-10 22:21:23,575 [Worker-8] INFO  o.e.m.c.i.l.LifecycleMappingFactory - Using org.eclipse.m2e.jdt.JarLifecycleMapping lifecycle mapping for MavenProject: L01:L01:0.0.1-SNAPSHOT @ C:\Users\J.Mateus\Documents\UFC\6°Semestre\DSPersist\Listas\L01\pom.xml.
2017-09-10 22:21:32,729 [Worker-8] INFO  o.e.m.j.i.AbstractJavaProjectConfigurator - Adding source folder /L01/src/main/java
2017-09-10 22:21:32,733 [Worker-8] INFO  o.e.m.j.i.AbstractJavaProjectConfigurator - Adding resource folder /L01/src/main/resources
2017-09-10 22:21:32,734 [Worker-8] INFO  o.e.m.j.i.AbstractJavaProjectConfigurator - Adding resource folder /L01/src/main/resources
2017-09-10 22:21:32,738 [Worker-8] INFO  o.e.m.j.i.AbstractJavaProjectConfigurator - Adding source folder /L01/src/test/java
2017-09-10 22:21:33,645 [Worker-8] INFO  o.e.m.c.i.p.ProjectConfigurationManager - Imported and configured 1 project(s) in 43 sec
2017-09-10 22:21:38,514 [Worker-12] INFO  o.e.m.c.i.embedder.EclipseLogger - Using 'UTF-8' encoding to copy filtered resources.
2017-09-10 22:21:38,535 [Worker-12] INFO  o.e.m.c.i.embedder.EclipseLogger - Copying 1 resource
2017-09-10 22:21:38,612 [Worker-12] INFO  o.e.m.c.i.embedder.EclipseLogger - Copying 0 resource
2017-09-10 22:21:38,627 [Worker-12] INFO  o.e.m.c.i.embedder.EclipseLogger - Using 'UTF-8' encoding to copy filtered resources.
2017-09-10 22:21:38,627 [Worker-12] INFO  o.e.m.c.i.embedder.EclipseLogger - skip non existing resourceDirectory C:\Users\J.Mateus\Documents\UFC\6°Semestre\DSPersist\Listas\L01\src\test\resources
2017-09-10 22:23:22,846 [Worker-5] INFO  o.e.m.c.i.l.LifecycleMappingFactory - Using org.eclipse.m2e.jdt.JarLifecycleMapping lifecycle mapping for MavenProject: br:L04:0.0.1-SNAPSHOT @ C:\Users\J.Mateus\Documents\UFC\6°Semestre\DSPersist\Listas\L03\pom.xml.
2017-09-10 22:23:25,339 [Worker-5] INFO  o.e.m.j.i.AbstractJavaProjectConfigurator - Adding source folder /L03/src/main/java
2017-09-10 22:23:25,340 [Worker-5] INFO  o.e.m.j.i.AbstractJavaProjectConfigurator - Adding resource folder /L03/src/main/resources
2017-09-10 22:23:25,341 [Worker-5] INFO  o.e.m.j.i.AbstractJavaProjectConfigurator - Adding resource folder /L03/src/main/resources
2017-09-10 22:23:25,341 [Worker-5] INFO  o.e.m.j.i.AbstractJavaProjectConfigurator - Adding source folder /L03/src/test/java
2017-09-10 22:23:25,717 [Worker-5] INFO  o.e.m.c.i.p.ProjectConfigurationManager - Imported and configured 1 project(s) in 4 sec
2017-09-10 22:23:32,527 [Worker-3] INFO  o.e.m.c.i.embedder.EclipseLogger - Using 'UTF-8' encoding to copy filtered resources.
2017-09-10 22:23:32,528 [Worker-3] INFO  o.e.m.c.i.embedder.EclipseLogger - Copying 0 resource
2017-09-10 22:23:32,530 [Worker-3] INFO  o.e.m.c.i.embedder.EclipseLogger - Copying 2 resources
2017-09-10 22:23:32,631 [Worker-3] INFO  o.e.m.c.i.embedder.EclipseLogger - Using 'UTF-8' encoding to copy filtered resources.
2017-09-10 22:23:32,639 [Worker-3] INFO  o.e.m.c.i.embedder.EclipseLogger - skip non existing resourceDirectory C:\Users\J.Mateus\Documents\UFC\6°Semestre\DSPersist\Listas\L03\src\test\resources
